*design* DebussyLib (btIdent Verdi_O-2018.09-SP2)
Command arguments:
    +define+verilog
    -sv
    +incdir+/home/cgra/newspace/NOC/bsg_noc/test_noc/mesh_router/src
    -f filelist.f
        ../src/bsg_nonsynth_clock_gen.v
        ../src/bsg_nonsynth_reset_gen.v
        ../src/bsg_noc_links.vh
        ../src/bsg_manycore_packet.vh
        ../src/bsg_defines.v
        ../src/bsg_counter_up_down.v
        ../src/bsg_inv.v
        ../src/bsg_circular_ptr.v
        ../src/bsg_mux_one_hot.v
        ../src/bsg_round_robin_arb.v
        ../src/bsg_mem_1r1w_synth.v
        ../src/bsg_mem_1r1w.v
        ../src/bsg_two_fifo.v
        ../src/bsg_fifo_1r1w_small.v
        ../src/bsg_fifo_tracker.v
        ../src/bsg_noc_pkg.v
        ../src/bsg_mesh_router.v
        ../src/bsg_mesh_router_buffered.v
        ../src/bsg_manycore_link_sif_tieoff.v
        ../src/bsg_manycore_mesh_node.v
        ../src/bsg_manycore_endpoint_standard.v
        ../src/bsg_1hold.v
        ../src/bsg_manycore_endpoint.v
        ../src/bsg_manycore_lock_ctrl.v
        ../src/tb/test_bench.v
        ../src/tb/mesh_master_example.v
        ../src/tb/mesh_slave_example.v
        ../src/tb/mesh_top_example.v

Highest level modules:
test_bench

Total	0 error(s),   0 warning(s)
