debImport "-sv" \
          "+incdir+/home/cgra/newspace/NOC/bsg_noc/test_noc/mesh_router/src" \
          "-f" "filelist.f"
debLoadSimResult /home/cgra/newspace/NOC/bsg_noc/test_noc/mesh_router/sim/tb.fsdb
wvCreateWindow
srcHBSelect "test_bench.top" -win $_nTrace1
srcSetScope -win $_nTrace1 "test_bench.top" -delim "."
srcHBSelect "test_bench.top" -win $_nTrace1
srcHBSelect "test_bench.top.master" -win $_nTrace1
srcSetScope -win $_nTrace1 "test_bench.top.master" -delim "."
srcHBSelect "test_bench.top.master" -win $_nTrace1
srcHBSelect "test_bench.top.master.endpoint_example" -win $_nTrace1
srcSetScope -win $_nTrace1 "test_bench.top.master.endpoint_example" -delim "."
srcHBSelect "test_bench.top.master.endpoint_example" -win $_nTrace1
srcHBSelect "test_bench.top.master.endpoint_example.bme" -win $_nTrace1
srcSetScope -win $_nTrace1 "test_bench.top.master.endpoint_example.bme" -delim \
           "."
srcHBSelect "test_bench.top.master.endpoint_example.bme" -win $_nTrace1
srcHBSelect "test_bench.top.master.endpoint_example.bme.fifo" -win $_nTrace1
srcSetScope -win $_nTrace1 "test_bench.top.master.endpoint_example.bme.fifo" \
           -delim "."
srcHBSelect "test_bench.top.master.endpoint_example.bme.fifo" -win $_nTrace1
srcHBSelect "test_bench.top.master.endpoint_example.bme.fifo.ft" -win $_nTrace1
srcSetScope -win $_nTrace1 "test_bench.top.master.endpoint_example.bme.fifo.ft" \
           -delim "."
srcHBSelect "test_bench.top.master.endpoint_example.bme.fifo.ft" -win $_nTrace1
srcHBSelect "test_bench.top.master.endpoint_example.bme.fifo.ft.rptr" -win \
           $_nTrace1
srcSetScope -win $_nTrace1 \
           "test_bench.top.master.endpoint_example.bme.fifo.ft.rptr" -delim \
           "."
srcHBSelect "test_bench.top.master.endpoint_example.bme.fifo.ft.rptr" -win \
           $_nTrace1
srcDeselectAll -win $_nTrace1
